<?xml version="1.0" encoding="UTF-8"?>
<!-- Generated by org.testng.reporters.JUnitXMLReporter -->
<testsuite ignored="0" hostname="LAPTOP-KVV4E8PT" failures="0" tests="3" name="chrometest" time="18.653" errors="0" timestamp="2022-10-21T22:39:57 IST">
  <testcase classname="Amazontestng123.NewTestamazon1234" name="a3" time="3.789"/>
  <testcase classname="Amazontestng123.NewTestamazon1234" name="a4" time="4.204"/>
  <testcase classname="Amazontestng123.NewTestamazon1234" name="a5" time="2.896"/>
</testsuite> <!-- chrometest -->
