<?xml version="1.0" encoding="UTF-8"?>
<!-- Generated by org.testng.reporters.JUnitXMLReporter -->
<testsuite ignored="0" hostname="LAPTOP-KVV4E8PT" failures="0" tests="3" name="edgetest" time="24.087" errors="0" timestamp="2022-10-21T22:40:21 IST">
  <testcase classname="Amazontestng123.NewTestamazon1234" name="a3" time="4.609"/>
  <testcase classname="Amazontestng123.NewTestamazon1234" name="a4" time="8.641"/>
  <testcase classname="Amazontestng123.NewTestamazon1234" name="a5" time="4.059"/>
</testsuite> <!-- edgetest -->
