<?xml version="1.0" encoding="UTF-8"?>
<!-- Generated by org.testng.reporters.JUnitXMLReporter -->
<testsuite ignored="0" hostname="LAPTOP-KVV4E8PT" failures="0" tests="3" name="edgetest(failed)" time="2.695" errors="0" timestamp="2022-10-17T14:12:47 IST">
  <testcase classname="Amazontestng123.NewTestamazon1234" name="@BeforeTest openbrowser" time="2.646">
    <failure type="org.openqa.selenium.SessionNotCreatedException" message="session not created: This version of Microsoft Edge WebDriver only supports Microsoft Edge version 108
Current browser version is 106.0.1370.42 with binary path C:\Program Files (x86)\Microsoft\Edge\Application\msedge.exe
Build info: version: &amp;apos;3.141.59&amp;apos;, revision: &amp;apos;e82be7d358&amp;apos;, time: &amp;apos;2018-11-14T08:17:03&amp;apos;
System info: host: &amp;apos;LAPTOP-KVV4E8PT&amp;apos;, ip: &amp;apos;192.168.1.101&amp;apos;, os.name: &amp;apos;Windows 11&amp;apos;, os.arch: &amp;apos;amd64&amp;apos;, os.version: &amp;apos;10.0&amp;apos;, java.version: &amp;apos;18.0.1.1&amp;apos;
Driver info: driver.version: EdgeDriver
remote stacktrace: Backtrace:
	Microsoft::Applications::Events::EventProperties::unpack [0x0091AD13+19811]
	Microsoft::Applications::Events::ISemanticContext::SetTicket [0x0080F771+889873]
	Microsoft::Applications::Events::ILogConfiguration::operator* [0x0066D9FE+3934]
	Microsoft::Applications::Events::GUID_t::GUID_t [0x0068DD03+56627]
	Microsoft::Applications::Events::GUID_t::GUID_t [0x0068AB2D+43869]
	Microsoft::Applications::Events::GUID_t::GUID_t [0x00687489+29881]
	Microsoft::Applications::Events::GUID_t::GUID_t [0x006B375D+210829]
	Microsoft::Applications::Events::GUID_t::GUID_t [0x006B2FEE+208926]
	Microsoft::Applications::Events::GUID_t::GUID_t [0x006ACD96+183750]
	Microsoft::Applications::Events::GUID_t::GUID_t [0x0069029E+66254]
	Microsoft::Applications::Events::GUID_t::GUID_t [0x0068FB50+64384]
	Microsoft::Applications::Events::GUID_t::GUID_t [0x006908F2+67874]
	Microsoft::Applications::Events::ILogManager::DispatchEventBroadcast [0x00B36385+705717]
	Microsoft::Applications::Events::ILogManager::DispatchEventBroadcast [0x00AA909B+127435]
	Microsoft::Applications::Events::ILogManager::DispatchEventBroadcast [0x00AA8942+125554]
	Microsoft::Applications::Events::ILogManager::DispatchEventBroadcast [0x00AACB8B+142523]
	Microsoft::Applications::Events::ILogManager::DispatchEventBroadcast [0x00AA99D3+129795]
	Microsoft::Applications::Events::ISemanticContext::SetTicket [0x0082245D+966909]
	Microsoft::Applications::Events::ISemanticContext::SetTicket [0x0082D3B8+1011800]
	Microsoft::Applications::Events::ISemanticContext::SetTicket [0x0082D4DD+1012093]
	Microsoft::Applications::Events::ISemanticContext::SetTicket [0x0083F154+1084916]
	BaseThreadInitThunk [0x762E6739+25]
	RtlGetFullPathName_UEx [0x77598FD2+1218]
	RtlGetFullPathName_UEx [0x77598F9D+1165]
">
      <![CDATA[org.openqa.selenium.SessionNotCreatedException: session not created: This version of Microsoft Edge WebDriver only supports Microsoft Edge version 108
Current browser version is 106.0.1370.42 with binary path C:\Program Files (x86)\Microsoft\Edge\Application\msedge.exe
Build info: version: '3.141.59', revision: 'e82be7d358', time: '2018-11-14T08:17:03'
System info: host: 'LAPTOP-KVV4E8PT', ip: '192.168.1.101', os.name: 'Windows 11', os.arch: 'amd64', os.version: '10.0', java.version: '18.0.1.1'
Driver info: driver.version: EdgeDriver
remote stacktrace: Backtrace:
Microsoft::Applications::Events::EventProperties::unpack [0x0091AD13+19811]
Microsoft::Applications::Events::ISemanticContext::SetTicket [0x0080F771+889873]
Microsoft::Applications::Events::ILogConfiguration::operator* [0x0066D9FE+3934]
Microsoft::Applications::Events::GUID_t::GUID_t [0x0068DD03+56627]
Microsoft::Applications::Events::GUID_t::GUID_t [0x0068AB2D+43869]
Microsoft::Applications::Events::GUID_t::GUID_t [0x00687489+29881]
Microsoft::Applications::Events::GUID_t::GUID_t [0x006B375D+210829]
Microsoft::Applications::Events::GUID_t::GUID_t [0x006B2FEE+208926]
Microsoft::Applications::Events::GUID_t::GUID_t [0x006ACD96+183750]
Microsoft::Applications::Events::GUID_t::GUID_t [0x0069029E+66254]
Microsoft::Applications::Events::GUID_t::GUID_t [0x0068FB50+64384]
Microsoft::Applications::Events::GUID_t::GUID_t [0x006908F2+67874]
Microsoft::Applications::Events::ILogManager::DispatchEventBroadcast [0x00B36385+705717]
Microsoft::Applications::Events::ILogManager::DispatchEventBroadcast [0x00AA909B+127435]
Microsoft::Applications::Events::ILogManager::DispatchEventBroadcast [0x00AA8942+125554]
Microsoft::Applications::Events::ILogManager::DispatchEventBroadcast [0x00AACB8B+142523]
Microsoft::Applications::Events::ILogManager::DispatchEventBroadcast [0x00AA99D3+129795]
Microsoft::Applications::Events::ISemanticContext::SetTicket [0x0082245D+966909]
Microsoft::Applications::Events::ISemanticContext::SetTicket [0x0082D3B8+1011800]
Microsoft::Applications::Events::ISemanticContext::SetTicket [0x0082D4DD+1012093]
Microsoft::Applications::Events::ISemanticContext::SetTicket [0x0083F154+1084916]
BaseThreadInitThunk [0x762E6739+25]
RtlGetFullPathName_UEx [0x77598FD2+1218]
RtlGetFullPathName_UEx [0x77598F9D+1165]

at org.openqa.selenium.remote.W3CHandshakeResponse.lambda$errorHandler$0(W3CHandshakeResponse.java:62)
at org.openqa.selenium.remote.HandshakeResponse.lambda$getResponseFunction$0(HandshakeResponse.java:30)
at org.openqa.selenium.remote.ProtocolHandshake.lambda$createSession$0(ProtocolHandshake.java:126)
at java.base/java.util.stream.ReferencePipeline$3$1.accept(ReferencePipeline.java:197)
at java.base/java.util.Spliterators$ArraySpliterator.tryAdvance(Spliterators.java:1002)
at java.base/java.util.stream.ReferencePipeline.forEachWithCancel(ReferencePipeline.java:129)
at java.base/java.util.stream.AbstractPipeline.copyIntoWithCancel(AbstractPipeline.java:527)
at java.base/java.util.stream.AbstractPipeline.copyInto(AbstractPipeline.java:513)
at java.base/java.util.stream.AbstractPipeline.wrapAndCopyInto(AbstractPipeline.java:499)
at java.base/java.util.stream.FindOps$FindOp.evaluateSequential(FindOps.java:150)
at java.base/java.util.stream.AbstractPipeline.evaluate(AbstractPipeline.java:234)
at java.base/java.util.stream.ReferencePipeline.findFirst(ReferencePipeline.java:647)
at org.openqa.selenium.remote.ProtocolHandshake.createSession(ProtocolHandshake.java:128)
at org.openqa.selenium.remote.ProtocolHandshake.createSession(ProtocolHandshake.java:74)
at org.openqa.selenium.remote.HttpCommandExecutor.execute(HttpCommandExecutor.java:136)
at org.openqa.selenium.remote.service.DriverCommandExecutor.execute(DriverCommandExecutor.java:83)
at org.openqa.selenium.remote.RemoteWebDriver.execute(RemoteWebDriver.java:552)
at org.openqa.selenium.remote.RemoteWebDriver.startSession(RemoteWebDriver.java:213)
at org.openqa.selenium.remote.RemoteWebDriver.<init>(RemoteWebDriver.java:131)
at org.openqa.selenium.edge.EdgeDriver.<init>(EdgeDriver.java:141)
at org.openqa.selenium.edge.EdgeDriver.<init>(EdgeDriver.java:96)
at Amazontestng123.NewTestamazon1234.openbrowser(NewTestamazon1234.java:36)
... Removed 25 stack frames]]>
    </failure>
  </testcase> <!-- @BeforeTest openbrowser -->
  <testcase classname="Amazontestng123.NewTestamazon1234" name="@BeforeClass a1" time="-1.665996167091E9">
    <skipped/>
  </testcase> <!-- @BeforeClass a1 -->
  <testcase classname="Amazontestng123.NewTestamazon1234" name="@BeforeMethod a2" time="-1.665996167096E9">
    <skipped/>
  </testcase> <!-- @BeforeMethod a2 -->
  <testcase classname="Amazontestng123.NewTestamazon1234" name="@AfterMethod y1" time="-1.665996167102E9">
    <skipped/>
  </testcase> <!-- @AfterMethod y1 -->
  <testcase classname="Amazontestng123.NewTestamazon1234" name="@BeforeMethod a2" time="-1.665996167103E9">
    <skipped/>
  </testcase> <!-- @BeforeMethod a2 -->
  <testcase classname="Amazontestng123.NewTestamazon1234" name="@AfterMethod y1" time="-1.66599616711E9">
    <skipped/>
  </testcase> <!-- @AfterMethod y1 -->
  <testcase classname="Amazontestng123.NewTestamazon1234" name="@BeforeMethod a2" time="-1.665996167111E9">
    <skipped/>
  </testcase> <!-- @BeforeMethod a2 -->
  <testcase classname="Amazontestng123.NewTestamazon1234" name="@AfterMethod y1" time="-1.665996167115E9">
    <skipped/>
  </testcase> <!-- @AfterMethod y1 -->
  <testcase classname="Amazontestng123.NewTestamazon1234" name="@AfterClass y2" time="-1.665996167117E9">
    <skipped/>
  </testcase> <!-- @AfterClass y2 -->
  <testcase classname="Amazontestng123.NewTestamazon1234" name="@AfterTest y3" time="-1.66599616712E9">
    <skipped/>
  </testcase> <!-- @AfterTest y3 -->
  <testcase classname="Amazontestng123.NewTestamazon1234" name="a5" time="0.0">
    <skipped/>
  </testcase> <!-- a5 -->
  <testcase classname="Amazontestng123.NewTestamazon1234" name="a4" time="0.0">
    <skipped/>
  </testcase> <!-- a4 -->
  <testcase classname="Amazontestng123.NewTestamazon1234" name="a3" time="0.0">
    <skipped/>
  </testcase> <!-- a3 -->
</testsuite> <!-- edgetest(failed) -->
